[09:03:53] [ServerMain/INFO]: Environment: authHost='https://authserver.mojang.com', accountsHost='https://api.mojang.com', sessionHost='https://sessionserver.mojang.com', servicesHost='https://api.minecraftservices.com', name='PROD'
[09:03:57] [ServerMain/WARN]: Ambiguity between arguments [teleport, location] and [teleport, destination] with inputs: [0.1 -0.5 .9, 0 0 0]
[09:03:57] [ServerMain/WARN]: Ambiguity between arguments [teleport, location] and [teleport, targets] with inputs: [0.1 -0.5 .9, 0 0 0]
[09:03:57] [ServerMain/WARN]: Ambiguity between arguments [teleport, destination] and [teleport, targets] with inputs: [Player, 0123, @e, dd12be42-52a9-4a91-a8a1-11c01849e498]
[09:03:57] [ServerMain/WARN]: Ambiguity between arguments [teleport, targets] and [teleport, destination] with inputs: [Player, 0123, dd12be42-52a9-4a91-a8a1-11c01849e498]
[09:03:57] [ServerMain/WARN]: Ambiguity between arguments [teleport, targets, location] and [teleport, targets, destination] with inputs: [0.1 -0.5 .9, 0 0 0]
[09:03:59] [Worker-Main-2/INFO]: Loaded 7 recipes
[09:03:59] [Worker-Main-2/INFO]: Loaded 1141 advancements
[09:04:02] [Server thread/INFO]: Starting minecraft server version 1.18.2 Pre-release 3
[09:04:02] [Server thread/INFO]: Loading properties
[09:04:02] [Server thread/INFO]: Default game type: SURVIVAL
[09:04:02] [Server thread/INFO]: Generating keypair
[09:04:03] [Server thread/INFO]: Starting Minecraft server on *:25565
[09:04:03] [Server thread/INFO]: Using epoll channel type
[09:04:03] [Server thread/INFO]: Preparing level "world"
[09:04:15] [Server thread/INFO]: Preparing start region for dimension minecraft:overworld
[09:04:18] [Worker-Main-2/INFO]: Preparing spawn area: 0%
[09:04:18] [Worker-Main-2/INFO]: Preparing spawn area: 0%
[09:04:18] [Worker-Main-2/INFO]: Preparing spawn area: 0%
[09:04:18] [Worker-Main-2/INFO]: Preparing spawn area: 0%
[09:04:18] [Worker-Main-2/INFO]: Preparing spawn area: 0%
[09:04:18] [Worker-Main-2/INFO]: Preparing spawn area: 0%
[09:04:18] [Worker-Main-2/INFO]: Preparing spawn area: 0%
[09:04:18] [Worker-Main-2/INFO]: Preparing spawn area: 0%
[09:04:19] [Worker-Main-2/INFO]: Preparing spawn area: 0%
[09:04:19] [Worker-Main-2/INFO]: Preparing spawn area: 0%
[09:04:20] [Worker-Main-2/INFO]: Preparing spawn area: 0%
[09:04:20] [Worker-Main-2/INFO]: Preparing spawn area: 0%
[09:04:21] [Worker-Main-2/INFO]: Preparing spawn area: 0%
[09:04:21] [Worker-Main-2/INFO]: Preparing spawn area: 0%
[09:04:22] [Worker-Main-2/INFO]: Preparing spawn area: 0%
[09:04:22] [Worker-Main-2/INFO]: Preparing spawn area: 0%
[09:04:23] [Worker-Main-2/INFO]: Preparing spawn area: 0%
[09:04:23] [Worker-Main-2/INFO]: Preparing spawn area: 1%
[09:04:24] [Worker-Main-2/INFO]: Preparing spawn area: 4%
[09:04:24] [Worker-Main-2/INFO]: Preparing spawn area: 4%
[09:04:25] [Worker-Main-2/INFO]: Preparing spawn area: 8%
[09:04:25] [Worker-Main-2/INFO]: Preparing spawn area: 13%
[09:04:26] [Worker-Main-2/INFO]: Preparing spawn area: 23%
[09:04:26] [Worker-Main-2/INFO]: Preparing spawn area: 32%
[09:04:27] [Worker-Main-2/INFO]: Preparing spawn area: 40%
[09:04:27] [Worker-Main-2/INFO]: Preparing spawn area: 44%
[09:04:28] [Worker-Main-2/INFO]: Preparing spawn area: 60%
[09:04:28] [Worker-Main-2/INFO]: Preparing spawn area: 71%
[09:04:29] [Worker-Main-2/INFO]: Preparing spawn area: 85%
[09:04:30] [Server thread/INFO]: Time elapsed: 15465 ms
[09:04:30] [Server thread/INFO]: Done (26.805s)! For help, type "help"
[09:08:40] [User Authenticator #1/INFO]: UUID of player ichbinfabio is 8e349899-9614-499b-bafe-e5722d434c64
[09:08:41] [Server thread/INFO]: ichbinfabio[/84.128.115.36:50222] logged in with entity id 374 at (-1508.892999981968, 64.9375, -163.60231625909407)
[09:08:41] [Server thread/INFO]: ichbinfabio joined the game
[09:08:48] [Server thread/WARN]: Can't keep up! Is the server overloaded? Running 2048ms or 40 ticks behind
[09:09:34] [Server thread/WARN]: Can't keep up! Is the server overloaded? Running 2299ms or 45 ticks behind
[09:17:56] [Server thread/INFO]: [ichbinfabio: Set the weather to clear]
[09:36:57] [Server thread/INFO]: [ichbinfabio: Set own game mode to Spectator Mode]
[09:37:15] [Server thread/INFO]: [ichbinfabio: Set own game mode to Survival Mode]
[09:37:30] [Server thread/INFO]: [ichbinfabio: Set own game mode to Spectator Mode]
[09:38:42] [Server thread/INFO]: [ichbinfabio: Set own game mode to Survival Mode]
[09:39:26] [Server thread/WARN]: Can't keep up! Is the server overloaded? Running 6336ms or 126 ticks behind
[09:58:10] [Server thread/INFO]: [ichbinfabio: Gave 64 [Firework Rocket] to ichbinfabio]
[09:59:43] [Server thread/INFO]: [ichbinfabio: Applied enchantment Mending to ichbinfabio's item]
[10:01:44] [Server thread/INFO]: [ichbinfabio: Applied enchantment Unbreaking III to ichbinfabio's item]
[10:04:18] [Server thread/INFO]: ichbinfabio lost connection: Disconnected
[10:04:18] [Server thread/INFO]: ichbinfabio left the game
